# JRE version: OpenJDK Runtime Environment Temurin-17.0.14+7 (17.0.14+7) (build 17.0.14+7)
# Java VM: OpenJDK 64-Bit Server VM Temurin-17.0.14+7 (17.0.14+7, mixed mode, sharing, tiered, compressed oops, compressed class ptrs, g1 gc, windows-amd64)
GC Precious Log:
 CPUs: 8 total, 8 available
 Memory: 16112M
 Large Page Support: Disabled
 NUMA Support: Disabled
 Compressed Oops: Enabled (32-bit)
 Heap Region Size: 1M
 Heap Min Capacity: 256M
 Heap Initial Capacity: 256M
 Heap Max Capacity: 512M
 Pre-touch: Disabled
 Parallel Workers: 8
 Concurrent Workers: 2
 Concurrent Refinement Workers: 8
 Periodic GC: Disabled
Heap:
 garbage-first heap   total 262144K, used 115228K [0x00000000e0000000, 0x0000000100000000)
  region size 1024K, 69 young (70656K), 16 survivors (16384K)
 Metaspace       used 75910K, committed 76608K, reserved 344064K
  class space    used 10417K, committed 10752K, reserved 212992K
GC Heap History (18 events):
Event: 0.772 GC heap before
{Heap before GC invocations=0 (full 0):
 garbage-first heap   total 262144K, used 28672K [0x00000000e0000000, 0x0000000100000000)
  region size 1024K, 23 young (23552K), 0 survivors (0K)
 Metaspace       used 3002K, committed 3136K, reserved 278528K
  class space    used 379K, committed 448K, reserved 212992K
}
Event: 0.777 GC heap after
{Heap after GC invocations=1 (full 0):
 garbage-first heap   total 262144K, used 9785K [0x00000000e0000000, 0x0000000100000000)
  region size 1024K, 3 young (3072K), 3 survivors (3072K)
 Metaspace       used 3002K, committed 3136K, reserved 278528K
  class space    used 379K, committed 448K, reserved 212992K
}
Event: 1.180 GC heap before
{Heap before GC invocations=1 (full 0):
 garbage-first heap   total 262144K, used 39481K [0x00000000e0000000, 0x0000000100000000)
  region size 1024K, 31 young (31744K), 3 survivors (3072K)
 Metaspace       used 3942K, committed 4096K, reserved 278528K
  class space    used 475K, committed 576K, reserved 212992K
}
Event: 1.183 GC heap after
{Heap after GC invocations=2 (full 0):
 garbage-first heap   total 262144K, used 13594K [0x00000000e0000000, 0x0000000100000000)
  region size 1024K, 4 young (4096K), 4 survivors (4096K)
 Metaspace       used 3942K, committed 4096K, reserved 278528K
  class space    used 475K, committed 576K, reserved 212992K
}
Event: 3.458 GC heap before
{Heap before GC invocations=2 (full 0):
 garbage-first heap   total 262144K, used 117018K [0x00000000e0000000, 0x0000000100000000)
  region size 1024K, 106 young (108544K), 4 survivors (4096K)
 Metaspace       used 21277K, committed 21504K, reserved 278528K
  class space    used 3159K, committed 3264K, reserved 212992K
}
Event: 3.465 GC heap after
{Heap after GC invocations=3 (full 0):
 garbage-first heap   total 262144K, used 21380K [0x00000000e0000000, 0x0000000100000000)
  region size 1024K, 12 young (12288K), 12 survivors (12288K)
 Metaspace       used 21277K, committed 21504K, reserved 278528K
  class space    used 3159K, committed 3264K, reserved 212992K
}
Event: 5.388 GC heap before
{Heap before GC invocations=4 (full 0):
 garbage-first heap   total 262144K, used 132996K [0x00000000e0000000, 0x0000000100000000)
  region size 1024K, 119 young (121856K), 12 survivors (12288K)
 Metaspace       used 35672K, committed 36096K, reserved 278528K
  class space    used 4848K, committed 5056K, reserved 212992K
}
Event: 5.402 GC heap after
{Heap after GC invocations=5 (full 0):
 garbage-first heap   total 262144K, used 31022K [0x00000000e0000000, 0x0000000100000000)
  region size 1024K, 18 young (18432K), 18 survivors (18432K)
 Metaspace       used 35672K, committed 36096K, reserved 278528K
  class space    used 4848K, committed 5056K, reserved 212992K
}
Event: 5.432 GC heap before
{Heap before GC invocations=5 (full 0):
 garbage-first heap   total 262144K, used 32046K [0x00000000e0000000, 0x0000000100000000)
  region size 1024K, 19 young (19456K), 18 survivors (18432K)
 Metaspace       used 35813K, committed 36288K, reserved 278528K
  class space    used 4877K, committed 5120K, reserved 212992K
}
Event: 5.444 GC heap after
{Heap after GC invocations=6 (full 0):
 garbage-first heap   total 262144K, used 30695K [0x00000000e0000000, 0x0000000100000000)
  region size 1024K, 2 young (2048K), 2 survivors (2048K)
 Metaspace       used 35813K, committed 36288K, reserved 278528K
  class space    used 4877K, committed 5120K, reserved 212992K
}
Event: 5.496 GC heap before
{Heap before GC invocations=6 (full 0):
 garbage-first heap   total 262144K, used 33767K [0x00000000e0000000, 0x0000000100000000)
  region size 1024K, 6 young (6144K), 2 survivors (2048K)
 Metaspace       used 36030K, committed 36416K, reserved 278528K
  class space    used 4923K, committed 5120K, reserved 212992K
}
Event: 5.497 GC heap after
{Heap after GC invocations=7 (full 0):
 garbage-first heap   total 262144K, used 29596K [0x00000000e0000000, 0x0000000100000000)
  region size 1024K, 1 young (1024K), 1 survivors (1024K)
 Metaspace       used 36030K, committed 36416K, reserved 278528K
  class space    used 4923K, committed 5120K, reserved 212992K
}
Event: 9.619 GC heap before
{Heap before GC invocations=8 (full 0):
 garbage-first heap   total 262144K, used 191388K [0x00000000e0000000, 0x0000000100000000)
  region size 1024K, 153 young (156672K), 1 survivors (1024K)
 Metaspace       used 54951K, committed 55488K, reserved 278528K
  class space    used 7461K, committed 7744K, reserved 212992K
}
Event: 9.629 GC heap after
{Heap after GC invocations=9 (full 0):
 garbage-first heap   total 262144K, used 47452K [0x00000000e0000000, 0x0000000100000000)
  region size 1024K, 12 young (12288K), 12 survivors (12288K)
 Metaspace       used 54951K, committed 55488K, reserved 278528K
  class space    used 7461K, committed 7744K, reserved 212992K
}
Event: 10.755 GC heap before
{Heap before GC invocations=9 (full 0):
 garbage-first heap   total 262144K, used 117084K [0x00000000e0000000, 0x0000000100000000)
  region size 1024K, 81 young (82944K), 12 survivors (12288K)
 Metaspace       used 60438K, committed 61056K, reserved 278528K
  class space    used 8246K, committed 8576K, reserved 212992K
}
Event: 10.765 GC heap after
{Heap after GC invocations=10 (full 0):
 garbage-first heap   total 262144K, used 53661K [0x00000000e0000000, 0x0000000100000000)
  region size 1024K, 7 young (7168K), 7 survivors (7168K)
 Metaspace       used 60438K, committed 61056K, reserved 278528K
  class space    used 8246K, committed 8576K, reserved 212992K
}
Event: 13.846 GC heap before
{Heap before GC invocations=11 (full 0):
 garbage-first heap   total 262144K, used 201117K [0x00000000e0000000, 0x0000000100000000)
  region size 1024K, 151 young (154624K), 7 survivors (7168K)
 Metaspace       used 72960K, committed 73664K, reserved 278528K
  class space    used 9981K, committed 10368K, reserved 212992K
}
Event: 13.859 GC heap after
{Heap after GC invocations=12 (full 0):
 garbage-first heap   total 262144K, used 63004K [0x00000000e0000000, 0x0000000100000000)
  region size 1024K, 16 young (16384K), 16 survivors (16384K)
 Metaspace       used 72960K, committed 73664K, reserved 278528K
  class space    used 9981K, committed 10368K, reserved 212992K
}

